<?xml version="1.0" encoding="UTF-8"?>
<!-- Generated by org.testng.reporters.JUnitReportReporter -->
<testsuite hostname="Binnys-Air" failures="0" tests="10" name="TestRunner.runner$TestRunner" time="2.050" errors="0" timestamp="2024-03-23T23:54:16 EDT" skipped="0">
  <testcase classname="TestRunner.runner$TestRunner" name="runScenario" time="0.069"/>
  <testcase classname="TestRunner.runner$TestRunner" name="runScenario" time="0.075"/>
  <testcase classname="TestRunner.runner$TestRunner" name="runScenario" time="0.079"/>
  <testcase classname="TestRunner.runner$TestRunner" name="runScenario" time="0.121"/>
  <testcase classname="TestRunner.runner$TestRunner" name="runScenario" time="1.302"/>
  <testcase classname="TestRunner.runner$TestRunner" name="runScenario" time="0.092"/>
  <testcase classname="TestRunner.runner$TestRunner" name="runScenario" time="0.076"/>
  <testcase classname="TestRunner.runner$TestRunner" name="runScenario" time="0.090"/>
  <testcase classname="TestRunner.runner$TestRunner" name="runScenario" time="0.072"/>
  <testcase classname="TestRunner.runner$TestRunner" name="runScenario" time="0.074"/>
</testsuite> <!-- TestRunner.runner$TestRunner -->
